(1553794338.000001) can0 DEADBEEF#776F6C5000000000
(1553794338.004202) can0 CAFEBABE#72656C6C69540000
(1553794338.008738) can0 FEEDFACE#20656E69626D6F43
(1553794338.009436) can0 BADF00D#6574736576726148
(1553794338.014086) can0 BADC0DE#7200000000000000
(1553794338.014910) can0 8BADF00D#7265646565530000
(1553794338.018588) can0 0B00B135#7265746E616C5000
(1553794338.021658) can0 C0FFEE#72656C6142000000
(1553794338.026415) can0 FACEFEED#20656D6F636C6557
(1553794338.028188) can0 ABADBABE#7265627943206F74
(1553794338.032212) can0 DEAD10CC#20726F7463617254
(1553794338.035291) can0 FEE1DEAD#676E656C6C616843
(1553794338.039418) can0 DEADDEAD#6500000000000000
(1553794338.043301) can0 DEADC0DE#7265796172705300
(1553794338.046906) can0 BAADF00D#726F746147000000
(1553794338.050603) can0 C0DEC0DE#6E726F4300000000
(1553794338.052675) can0 FEE7DEAD#7261677553000000
(1553794338.053114) can0 0FF1CE#6E6F74746F430000
(1553794338.056970) can0 F005BA11#796F530000000000
(1553794338.058166) can0 FADEBABE#6F2072656B636148
(1553794338.061821) can0 DEADBEEF#614620656874206E
(1553794338.063802) can0 CAFEBABE#6D72000000000000